<?xml version="1.0" encoding="UTF-8"?>
<testsuite xmlns:xsi="http://www.w3.org/2001/XMLSchema-instance" xsi:noNamespaceSchemaLocation="https://maven.apache.org/surefire/maven-surefire-plugin/xsd/surefire-test-report.xsd" name="net.apmoller.athena.microservices.CurrencyProject.CurrencyProjectApplicationTests" time="4.779" tests="7" errors="0" skipped="0" failures="1">
  <properties>
[...]
</properties>
  <testcase name="getProductTest" classname="net.apmoller.athena.microservices.CurrencyProject.CurrencyProjectApplicationTests" time="0.38"/>
  <testcase name="getProductsTest" classname="net.apmoller.athena.microservices.CurrencyProject.CurrencyProjectApplicationTests" time="0.039"/>
  <testcase name="addSavedProductTest" classname="net.apmoller.athena.microservices.CurrencyProject.CurrencyProjectApplicationTests" time="0.025"/>
  <testcase name="addProductTest" classname="net.apmoller.athena.microservices.CurrencyProject.CurrencyProjectApplicationTests" time="0.01"/>
  <testcase name="getNameTest" classname="net.apmoller.athena.microservices.CurrencyProject.CurrencyProjectApplicationTests" time="0.016"/>
  <testcase name="getCreatedByTest" classname="net.apmoller.athena.microservices.CurrencyProject.CurrencyProjectApplicationTests" time="0.009"/>
  <testcase name="getSavedSearchTest" classname="net.apmoller.athena.microservices.CurrencyProject.CurrencyProjectApplicationTests" time="0.056">
    <failure message="Status expected:&lt;200 OK&gt; but was:&lt;405 METHOD_NOT_ALLOWED&gt;" type="java.lang.AssertionError"><![CDATA[java.lang.AssertionError: Status expected:<200 OK> but was:<405 METHOD_NOT_ALLOWED>
	at net.apmoller.athena.microservices.CurrencyProject.CurrencyProjectApplicationTests.getSavedSearchTest(CurrencyProjectApplicationTests.java:146)
]]></failure>
    <system-out><![CDATA[2022-01-04 13:10:11.690 ERROR 23120 --- [           main] o.s.t.w.reactive.server.ExchangeResult   : Request details for assertion failure:

> GET /currencyconversion/savedsearch
> WebTestClient-Request-Id: [7]

No content

< 405 METHOD_NOT_ALLOWED Method Not Allowed
< Content-Type: [application/json]
< Content-Length: [151]

{"timestamp":"2022-01-04T07:40:11.672+00:00","path":"/currencyconversion/savedsearch","status":405,"error":"Method Not Allowed","requestId":"6be686f9"}

]]></system-out>
  </testcase>
</testsuite>